Command line:
   Paralelismo_TOP_isim_beh.exe
     -simmode  gui
     -simrunnum  0
     -socket  45844

Sun May 31 14:30:42 2015


 Elaboration Time: 0.359375 sec

 Current Memory Usage: 1010.45 Meg

 Total Signals          : 25
 Total Nets             : 43
 Total Signal Drivers   : 4
 Total Blocks           : 5
 Total Primitive Blocks : 4
 Total Processes        : 4
 Total Traceable Variables  : 15
 Total Scalar Nets and Variables : 528
Total Line Count : 10

 Total Simulation Time: 0.375 sec

 Current Memory Usage: 1010.45 Meg

Sun May 31 14:30:47 2015

