Running: C:\Xilinx\14.7\ISE_DS\ISE\bin\nt64\unwrapped\fuse.exe -intstyle ise -incremental -lib secureip -o C:/Users/Haroldo/Documents/USAC/E6/Modulos mios/FSM/Paralelismo/TOP_TB_isim_beh.exe -prj C:/Users/Haroldo/Documents/USAC/E6/Modulos mios/FSM/Paralelismo/TOP_TB_beh.prj work.TOP_TB 
ISim P.20131013 (signature 0x7708f090)
Number of CPUs detected in this system: 4
Turning on mult-threading, number of parallel sub-compilation jobs: 8 
Determining compilation order of HDL files
Parsing VHDL file "C:/Users/Haroldo/Documents/USAC/E6/Modulos mios/FSM/Paralelismo/Componente.vhd" into library work
Parsing VHDL file "C:/Users/Haroldo/Documents/USAC/E6/Modulos mios/FSM/Paralelismo/Paralelismo_TOP.vhd" into library work
Parsing VHDL file "C:/Users/Haroldo/Documents/USAC/E6/Modulos mios/FSM/Paralelismo/TOP_TB.vhd" into library work
Starting static elaboration
Completed static elaboration
Compiling package standard
Compiling package std_logic_1164
Compiling package numeric_std
Compiling architecture behavioral of entity Componente [\Componente(200)\]
Compiling architecture structural of entity Paralelismo_TOP [paralelismo_top_default]
Compiling architecture behavior of entity top_tb
Time Resolution for simulation is 1ps.
Compiled 8 VHDL Units
Built simulation executable C:/Users/Haroldo/Documents/USAC/E6/Modulos mios/FSM/Paralelismo/TOP_TB_isim_beh.exe
Fuse Memory Usage: 33500 KB
Fuse CPU Usage: 718 ms
